# JRE version: OpenJDK Runtime Environment Temurin-21.0.7+6 (21.0.7+6) (build 21.0.7+6-LTS)
# Java VM: OpenJDK 64-Bit Server VM Temurin-21.0.7+6 (21.0.7+6-LTS, mixed mode, sharing, tiered, compressed oops, compressed class ptrs, parallel gc, windows-amd64)
GC Precious Log:
 CardTable entry size: 512
 CPUs: 8 total, 8 available
 Memory: 12092M
 Large Page Support: Disabled
 NUMA Support: Disabled
 Compressed Oops: Enabled (32-bit)
 Alignments: Space 512K, Generation 512K, Heap 2M
 Heap Min Capacity: 100M
 Heap Initial Capacity: 100M
 Heap Max Capacity: 1G
 Pre-touch: Disabled
 Parallel Workers: 8
Heap:
 PSYoungGen      total 5120K, used 3620K [0x00000000eab00000, 0x00000000eb180000, 0x0000000100000000)
  eden space 3584K, 67% used [0x00000000eab00000,0x00000000ead59030,0x00000000eae80000)
  from space 1536K, 80% used [0x00000000eae80000,0x00000000eafb6ab8,0x00000000eb000000)
  to   space 1536K, 0% used [0x00000000eb000000,0x00000000eb000000,0x00000000eb180000)
 ParOldGen       total 133120K, used 132179K [0x00000000c0000000, 0x00000000c8200000, 0x00000000eab00000)
  object space 133120K, 99% used [0x00000000c0000000,0x00000000c8114f60,0x00000000c8200000)
 Metaspace       used 57767K, committed 59072K, reserved 1114112K
  class space    used 6012K, committed 6592K, reserved 1048576K
GC Heap History (20 events):
Event: 95.951 GC heap before
{Heap before GC invocations=80 (full 3):
 PSYoungGen      total 8704K, used 8326K [0x00000000eab00000, 0x00000000eb580000, 0x0000000100000000)
  eden space 6656K, 100% used [0x00000000eab00000,0x00000000eb180000,0x00000000eb180000)
  from space 2048K, 81% used [0x00000000eb380000,0x00000000eb521ac8,0x00000000eb580000)
  to   space 2048K, 0% used [0x00000000eb180000,0x00000000eb180000,0x00000000eb380000)
 ParOldGen       total 133120K, used 117355K [0x00000000c0000000, 0x00000000c8200000, 0x00000000eab00000)
  object space 133120K, 88% used [0x00000000c0000000,0x00000000c729adb0,0x00000000c8200000)
 Metaspace       used 56575K, committed 57856K, reserved 1114112K
  class space    used 5905K, committed 6464K, reserved 1048576K
}
Event: 95.954 GC heap after
{Heap after GC invocations=80 (full 3):
 PSYoungGen      total 8704K, used 1501K [0x00000000eab00000, 0x00000000eb580000, 0x0000000100000000)
  eden space 6656K, 0% used [0x00000000eab00000,0x00000000eab00000,0x00000000eb180000)
  from space 2048K, 73% used [0x00000000eb180000,0x00000000eb2f74a8,0x00000000eb380000)
  to   space 2048K, 0% used [0x00000000eb380000,0x00000000eb380000,0x00000000eb580000)
 ParOldGen       total 133120K, used 118883K [0x00000000c0000000, 0x00000000c8200000, 0x00000000eab00000)
  object space 133120K, 89% used [0x00000000c0000000,0x00000000c7418c98,0x00000000c8200000)
 Metaspace       used 56575K, committed 57856K, reserved 1114112K
  class space    used 5905K, committed 6464K, reserved 1048576K
}
Event: 96.007 GC heap before
{Heap before GC invocations=81 (full 3):
 PSYoungGen      total 8704K, used 8153K [0x00000000eab00000, 0x00000000eb580000, 0x0000000100000000)
  eden space 6656K, 99% used [0x00000000eab00000,0x00000000eb17f028,0x00000000eb180000)
  from space 2048K, 73% used [0x00000000eb180000,0x00000000eb2f74a8,0x00000000eb380000)
  to   space 2048K, 0% used [0x00000000eb380000,0x00000000eb380000,0x00000000eb580000)
 ParOldGen       total 133120K, used 118883K [0x00000000c0000000, 0x00000000c8200000, 0x00000000eab00000)
  object space 133120K, 89% used [0x00000000c0000000,0x00000000c7418c98,0x00000000c8200000)
 Metaspace       used 56697K, committed 57984K, reserved 1114112K
  class space    used 5919K, committed 6464K, reserved 1048576K
}
Event: 96.011 GC heap after
{Heap after GC invocations=81 (full 3):
 PSYoungGen      total 8192K, used 1478K [0x00000000eab00000, 0x00000000eb500000, 0x0000000100000000)
  eden space 6656K, 0% used [0x00000000eab00000,0x00000000eab00000,0x00000000eb180000)
  from space 1536K, 96% used [0x00000000eb380000,0x00000000eb4f1a10,0x00000000eb500000)
  to   space 1536K, 0% used [0x00000000eb200000,0x00000000eb200000,0x00000000eb380000)
 ParOldGen       total 133120K, used 120290K [0x00000000c0000000, 0x00000000c8200000, 0x00000000eab00000)
  object space 133120K, 90% used [0x00000000c0000000,0x00000000c75789d0,0x00000000c8200000)
 Metaspace       used 56697K, committed 57984K, reserved 1114112K
  class space    used 5919K, committed 6464K, reserved 1048576K
}
Event: 96.060 GC heap before
{Heap before GC invocations=82 (full 3):
 PSYoungGen      total 8192K, used 8134K [0x00000000eab00000, 0x00000000eb500000, 0x0000000100000000)
  eden space 6656K, 100% used [0x00000000eab00000,0x00000000eb180000,0x00000000eb180000)
  from space 1536K, 96% used [0x00000000eb380000,0x00000000eb4f1a10,0x00000000eb500000)
  to   space 1536K, 0% used [0x00000000eb200000,0x00000000eb200000,0x00000000eb380000)
 ParOldGen       total 133120K, used 120290K [0x00000000c0000000, 0x00000000c8200000, 0x00000000eab00000)
  object space 133120K, 90% used [0x00000000c0000000,0x00000000c75789d0,0x00000000c8200000)
 Metaspace       used 56785K, committed 58048K, reserved 1114112K
  class space    used 5931K, committed 6464K, reserved 1048576K
}
Event: 96.066 GC heap after
{Heap after GC invocations=82 (full 3):
 PSYoungGen      total 8192K, used 1518K [0x00000000eab00000, 0x00000000eb480000, 0x0000000100000000)
  eden space 6656K, 0% used [0x00000000eab00000,0x00000000eab00000,0x00000000eb180000)
  from space 1536K, 98% used [0x00000000eb200000,0x00000000eb37bbc8,0x00000000eb380000)
  to   space 1024K, 0% used [0x00000000eb380000,0x00000000eb380000,0x00000000eb480000)
 ParOldGen       total 133120K, used 121611K [0x00000000c0000000, 0x00000000c8200000, 0x00000000eab00000)
  object space 133120K, 91% used [0x00000000c0000000,0x00000000c76c2cb8,0x00000000c8200000)
 Metaspace       used 56785K, committed 58048K, reserved 1114112K
  class space    used 5931K, committed 6464K, reserved 1048576K
}
Event: 96.128 GC heap before
{Heap before GC invocations=83 (full 3):
 PSYoungGen      total 8192K, used 8174K [0x00000000eab00000, 0x00000000eb480000, 0x0000000100000000)
  eden space 6656K, 100% used [0x00000000eab00000,0x00000000eb180000,0x00000000eb180000)
  from space 1536K, 98% used [0x00000000eb200000,0x00000000eb37bbc8,0x00000000eb380000)
  to   space 1024K, 0% used [0x00000000eb380000,0x00000000eb380000,0x00000000eb480000)
 ParOldGen       total 133120K, used 121611K [0x00000000c0000000, 0x00000000c8200000, 0x00000000eab00000)
  object space 133120K, 91% used [0x00000000c0000000,0x00000000c76c2cb8,0x00000000c8200000)
 Metaspace       used 56949K, committed 58176K, reserved 1114112K
  class space    used 5957K, committed 6464K, reserved 1048576K
}
Event: 96.131 GC heap after
{Heap after GC invocations=83 (full 3):
 PSYoungGen      total 6656K, used 1018K [0x00000000eab00000, 0x00000000eb780000, 0x0000000100000000)
  eden space 5632K, 0% used [0x00000000eab00000,0x00000000eab00000,0x00000000eb080000)
  from space 1024K, 99% used [0x00000000eb380000,0x00000000eb47ebc0,0x00000000eb480000)
  to   space 3072K, 0% used [0x00000000eb080000,0x00000000eb080000,0x00000000eb380000)
 ParOldGen       total 133120K, used 123302K [0x00000000c0000000, 0x00000000c8200000, 0x00000000eab00000)
  object space 133120K, 92% used [0x00000000c0000000,0x00000000c7869978,0x00000000c8200000)
 Metaspace       used 56949K, committed 58176K, reserved 1114112K
  class space    used 5957K, committed 6464K, reserved 1048576K
}
Event: 96.188 GC heap before
{Heap before GC invocations=84 (full 3):
 PSYoungGen      total 6656K, used 6650K [0x00000000eab00000, 0x00000000eb780000, 0x0000000100000000)
  eden space 5632K, 100% used [0x00000000eab00000,0x00000000eb080000,0x00000000eb080000)
  from space 1024K, 99% used [0x00000000eb380000,0x00000000eb47ebc0,0x00000000eb480000)
  to   space 3072K, 0% used [0x00000000eb080000,0x00000000eb080000,0x00000000eb380000)
 ParOldGen       total 133120K, used 123302K [0x00000000c0000000, 0x00000000c8200000, 0x00000000eab00000)
  object space 133120K, 92% used [0x00000000c0000000,0x00000000c7869978,0x00000000c8200000)
 Metaspace       used 57024K, committed 58304K, reserved 1114112K
  class space    used 5971K, committed 6528K, reserved 1048576K
}
Event: 96.192 GC heap after
{Heap after GC invocations=84 (full 3):
 PSYoungGen      total 7168K, used 1285K [0x00000000eab00000, 0x00000000eb480000, 0x0000000100000000)
  eden space 5632K, 0% used [0x00000000eab00000,0x00000000eab00000,0x00000000eb080000)
  from space 1536K, 83% used [0x00000000eb080000,0x00000000eb1c15d0,0x00000000eb200000)
  to   space 2048K, 0% used [0x00000000eb280000,0x00000000eb280000,0x00000000eb480000)
 ParOldGen       total 133120K, used 124320K [0x00000000c0000000, 0x00000000c8200000, 0x00000000eab00000)
  object space 133120K, 93% used [0x00000000c0000000,0x00000000c7968280,0x00000000c8200000)
 Metaspace       used 57024K, committed 58304K, reserved 1114112K
  class space    used 5971K, committed 6528K, reserved 1048576K
}
Event: 96.231 GC heap before
{Heap before GC invocations=85 (full 3):
 PSYoungGen      total 7168K, used 6883K [0x00000000eab00000, 0x00000000eb480000, 0x0000000100000000)
  eden space 5632K, 99% used [0x00000000eab00000,0x00000000eb0777c0,0x00000000eb080000)
  from space 1536K, 83% used [0x00000000eb080000,0x00000000eb1c15d0,0x00000000eb200000)
  to   space 2048K, 0% used [0x00000000eb280000,0x00000000eb280000,0x00000000eb480000)
 ParOldGen       total 133120K, used 124320K [0x00000000c0000000, 0x00000000c8200000, 0x00000000eab00000)
  object space 133120K, 93% used [0x00000000c0000000,0x00000000c7968280,0x00000000c8200000)
 Metaspace       used 57026K, committed 58304K, reserved 1114112K
  class space    used 5971K, committed 6528K, reserved 1048576K
}
Event: 96.235 GC heap after
{Heap after GC invocations=85 (full 3):
 PSYoungGen      total 7168K, used 1384K [0x00000000eab00000, 0x00000000eb400000, 0x0000000100000000)
  eden space 5632K, 0% used [0x00000000eab00000,0x00000000eab00000,0x00000000eb080000)
  from space 1536K, 90% used [0x00000000eb280000,0x00000000eb3da380,0x00000000eb400000)
  to   space 1536K, 0% used [0x00000000eb080000,0x00000000eb080000,0x00000000eb200000)
 ParOldGen       total 133120K, used 125499K [0x00000000c0000000, 0x00000000c8200000, 0x00000000eab00000)
  object space 133120K, 94% used [0x00000000c0000000,0x00000000c7a8ed98,0x00000000c8200000)
 Metaspace       used 57026K, committed 58304K, reserved 1114112K
  class space    used 5971K, committed 6528K, reserved 1048576K
}
Event: 96.285 GC heap before
{Heap before GC invocations=86 (full 3):
 PSYoungGen      total 7168K, used 7016K [0x00000000eab00000, 0x00000000eb400000, 0x0000000100000000)
  eden space 5632K, 100% used [0x00000000eab00000,0x00000000eb080000,0x00000000eb080000)
  from space 1536K, 90% used [0x00000000eb280000,0x00000000eb3da380,0x00000000eb400000)
  to   space 1536K, 0% used [0x00000000eb080000,0x00000000eb080000,0x00000000eb200000)
 ParOldGen       total 133120K, used 125499K [0x00000000c0000000, 0x00000000c8200000, 0x00000000eab00000)
  object space 133120K, 94% used [0x00000000c0000000,0x00000000c7a8ed98,0x00000000c8200000)
 Metaspace       used 57100K, committed 58368K, reserved 1114112K
  class space    used 5980K, committed 6528K, reserved 1048576K
}
Event: 96.288 GC heap after
{Heap after GC invocations=86 (full 3):
 PSYoungGen      total 7168K, used 1309K [0x00000000eab00000, 0x00000000eb380000, 0x0000000100000000)
  eden space 5632K, 0% used [0x00000000eab00000,0x00000000eab00000,0x00000000eb080000)
  from space 1536K, 85% used [0x00000000eb080000,0x00000000eb1c75e0,0x00000000eb200000)
  to   space 1536K, 0% used [0x00000000eb200000,0x00000000eb200000,0x00000000eb380000)
 ParOldGen       total 133120K, used 126491K [0x00000000c0000000, 0x00000000c8200000, 0x00000000eab00000)
  object space 133120K, 95% used [0x00000000c0000000,0x00000000c7b86ef8,0x00000000c8200000)
 Metaspace       used 57100K, committed 58368K, reserved 1114112K
  class space    used 5980K, committed 6528K, reserved 1048576K
}
Event: 96.345 GC heap before
{Heap before GC invocations=87 (full 3):
 PSYoungGen      total 7168K, used 6941K [0x00000000eab00000, 0x00000000eb380000, 0x0000000100000000)
  eden space 5632K, 100% used [0x00000000eab00000,0x00000000eb080000,0x00000000eb080000)
  from space 1536K, 85% used [0x00000000eb080000,0x00000000eb1c75e0,0x00000000eb200000)
  to   space 1536K, 0% used [0x00000000eb200000,0x00000000eb200000,0x00000000eb380000)
 ParOldGen       total 133120K, used 126491K [0x00000000c0000000, 0x00000000c8200000, 0x00000000eab00000)
  object space 133120K, 95% used [0x00000000c0000000,0x00000000c7b86ef8,0x00000000c8200000)
 Metaspace       used 57468K, committed 58752K, reserved 1114112K
  class space    used 5998K, committed 6592K, reserved 1048576K
}
Event: 96.349 GC heap after
{Heap after GC invocations=87 (full 3):
 PSYoungGen      total 7168K, used 1314K [0x00000000eab00000, 0x00000000eb380000, 0x0000000100000000)
  eden space 5632K, 0% used [0x00000000eab00000,0x00000000eab00000,0x00000000eb080000)
  from space 1536K, 85% used [0x00000000eb200000,0x00000000eb348be0,0x00000000eb380000)
  to   space 1536K, 0% used [0x00000000eb080000,0x00000000eb080000,0x00000000eb200000)
 ParOldGen       total 133120K, used 127588K [0x00000000c0000000, 0x00000000c8200000, 0x00000000eab00000)
  object space 133120K, 95% used [0x00000000c0000000,0x00000000c7c99338,0x00000000c8200000)
 Metaspace       used 57468K, committed 58752K, reserved 1114112K
  class space    used 5998K, committed 6592K, reserved 1048576K
}
Event: 96.394 GC heap before
{Heap before GC invocations=88 (full 3):
 PSYoungGen      total 7168K, used 6946K [0x00000000eab00000, 0x00000000eb380000, 0x0000000100000000)
  eden space 5632K, 100% used [0x00000000eab00000,0x00000000eb080000,0x00000000eb080000)
  from space 1536K, 85% used [0x00000000eb200000,0x00000000eb348be0,0x00000000eb380000)
  to   space 1536K, 0% used [0x00000000eb080000,0x00000000eb080000,0x00000000eb200000)
 ParOldGen       total 133120K, used 127588K [0x00000000c0000000, 0x00000000c8200000, 0x00000000eab00000)
  object space 133120K, 95% used [0x00000000c0000000,0x00000000c7c99338,0x00000000c8200000)
 Metaspace       used 57696K, committed 59008K, reserved 1114112K
  class space    used 6006K, committed 6592K, reserved 1048576K
}
Event: 96.397 GC heap after
{Heap after GC invocations=88 (full 3):
 PSYoungGen      total 7168K, used 1252K [0x00000000eab00000, 0x00000000eb380000, 0x0000000100000000)
  eden space 5632K, 0% used [0x00000000eab00000,0x00000000eab00000,0x00000000eb080000)
  from space 1536K, 81% used [0x00000000eb080000,0x00000000eb1b9008,0x00000000eb200000)
  to   space 1536K, 0% used [0x00000000eb200000,0x00000000eb200000,0x00000000eb380000)
 ParOldGen       total 133120K, used 128736K [0x00000000c0000000, 0x00000000c8200000, 0x00000000eab00000)
  object space 133120K, 96% used [0x00000000c0000000,0x00000000c7db8118,0x00000000c8200000)
 Metaspace       used 57696K, committed 59008K, reserved 1114112K
  class space    used 6006K, committed 6592K, reserved 1048576K
}
Event: 96.426 GC heap before
{Heap before GC invocations=89 (full 3):
 PSYoungGen      total 7168K, used 6884K [0x00000000eab00000, 0x00000000eb380000, 0x0000000100000000)
  eden space 5632K, 100% used [0x00000000eab00000,0x00000000eb080000,0x00000000eb080000)
  from space 1536K, 81% used [0x00000000eb080000,0x00000000eb1b9008,0x00000000eb200000)
  to   space 1536K, 0% used [0x00000000eb200000,0x00000000eb200000,0x00000000eb380000)
 ParOldGen       total 133120K, used 128736K [0x00000000c0000000, 0x00000000c8200000, 0x00000000eab00000)
  object space 133120K, 96% used [0x00000000c0000000,0x00000000c7db8118,0x00000000c8200000)
 Metaspace       used 57750K, committed 59008K, reserved 1114112K
  class space    used 6012K, committed 6592K, reserved 1048576K
}
Event: 96.430 GC heap after
{Heap after GC invocations=89 (full 3):
 PSYoungGen      total 5120K, used 1521K [0x00000000eab00000, 0x00000000eb780000, 0x0000000100000000)
  eden space 3584K, 0% used [0x00000000eab00000,0x00000000eab00000,0x00000000eae80000)
  from space 1536K, 99% used [0x00000000eb200000,0x00000000eb37c7c8,0x00000000eb380000)
  to   space 3584K, 0% used [0x00000000eae80000,0x00000000eae80000,0x00000000eb200000)
 ParOldGen       total 133120K, used 130415K [0x00000000c0000000, 0x00000000c8200000, 0x00000000eab00000)
  object space 133120K, 97% used [0x00000000c0000000,0x00000000c7f5bc10,0x00000000c8200000)
 Metaspace       used 57750K, committed 59008K, reserved 1114112K
  class space    used 6012K, committed 6592K, reserved 1048576K
}

